<?xml version="1.0" encoding="UTF-8"?>
<!-- Generated by org.testng.reporters.JUnitReportReporter -->
<testsuite skipped="0" hostname="ANIL-PC" name="testCases.Test" tests="1" failures="0" timestamp="2019-10-06T11:09:16 IST" time="6.723" errors="0">
  <testcase name="testcase1" time="6.723" classname="testCases.Test"/>
</testsuite> <!-- testCases.Test -->
