<?xml version="1.0" encoding="UTF-8"?>
<!-- Generated by org.testng.reporters.JUnitReportReporter -->
<testsuite skipped="0" hostname="ANIL-PC" name="stepDefination.FbParamterization" tests="1" failures="0" timestamp="2019-10-12T07:06:24 IST" time="5.726" errors="0">
  <testcase name="test" time="5.726" classname="stepDefination.FbParamterization"/>
</testsuite> <!-- stepDefination.FbParamterization -->
