<?xml version="1.0" encoding="UTF-8"?>
<!-- Generated by org.testng.reporters.JUnitReportReporter -->
<testsuite skipped="0" hostname="ANIL-PC" name="testCases.CreateAccountFBTestCase" tests="1" failures="0" timestamp="2019-10-06T14:48:09 IST" time="46.852" errors="0">
  <testcase name="TestCase1" time="46.852" classname="testCases.CreateAccountFBTestCase"/>
</testsuite> <!-- testCases.CreateAccountFBTestCase -->
